<?xml version="1.0" encoding="utf-8"?><testsuites name="pytest tests"><testsuite name="pytest" errors="0" failures="0" skipped="0" tests="7" time="9.467" timestamp="2026-04-22T16:03:09.681456+00:00" hostname="agent-env-d2cb7db7-8674-4f3a-837d-948f4c313daa"><testcase classname="tests.test_iteration29_fixes.TestSeedCreditCards" name="test_admin_has_exactly_three_cards_no_apple_card" time="3.909" /><testcase classname="tests.test_iteration29_fixes.TestDashboardStatsTotalIncome" name="test_total_income_includes_incomes_collection" time="0.724" /><testcase classname="tests.test_iteration29_fixes.TestDashboardStatsTotalIncome" name="test_cancelled_income_excluded" time="0.334" /><testcase classname="tests.test_iteration29_fixes.TestDashboardStatsSriDeductible" name="test_sri_deductible_sums_by_sri_category" time="0.355" /><testcase classname="tests.test_iteration29_fixes.TestDashboardStatsSriDeductible" name="test_expense_without_sri_category_not_counted" time="0.344" /><testcase classname="tests.test_iteration29_fixes.TestDeferredDedupByTotalAmount" name="test_distinct_total_amounts_create_two_deferreds" time="2.810" /><testcase classname="tests.test_iteration29_fixes.TestDeferredDedupByTotalAmount" name="test_identical_deferred_decrements_installments" time="0.936" /></testsuite></testsuites>