<?xml version="1.0" encoding="utf-8"?><testsuites name="pytest tests"><testsuite name="pytest" errors="0" failures="0" skipped="0" tests="4" time="3.761" timestamp="2026-04-22T00:15:00.740148+00:00" hostname="agent-env-d2cb7db7-8674-4f3a-837d-948f4c313daa"><testcase classname="backend.tests.test_iteration24_batch.TestCreditCardsRegression" name="test_pichincha_platinum_reprocessed" time="2.779" /><testcase classname="backend.tests.test_iteration24_batch.TestCategorizeFacturaValidation" name="test_404_invalid_id" time="0.132" /><testcase classname="backend.tests.test_iteration24_batch.TestCategorizeFacturaValidation" name="test_400_missing_category" time="0.273" /><testcase classname="backend.tests.test_iteration24_batch.TestCategorizeFacturaHappy" name="test_categorize_uncategorized_factura" time="0.521" /></testsuite></testsuites>