<?xml version="1.0" encoding="utf-8"?><testsuites name="pytest tests"><testsuite name="pytest" errors="0" failures="0" skipped="0" tests="4" time="4.336" timestamp="2026-04-21T21:38:16.872655+00:00" hostname="agent-env-d2cb7db7-8674-4f3a-837d-948f4c313daa"><testcase classname="backend.tests.test_iteration22_batch.TestNormalizeSources" name="test_normalize_sources_ok" time="2.103" /><testcase classname="backend.tests.test_iteration22_batch.TestIncomeSourcesRoundtrip" name="test_put_then_get" time="0.279" /><testcase classname="backend.tests.test_iteration22_batch.TestConfirmMatchWiring" name="test_confirm_match_returns_400_or_created_flag" time="0.285" /><testcase classname="backend.tests.test_iteration22_batch.TestMarkCashConsumo" name="test_mark_cash_consumo_sets_factura_sri" time="1.610" /></testsuite></testsuites>