<?xml version="1.0" encoding="utf-8"?><testsuites name="pytest tests"><testsuite name="pytest" errors="0" failures="0" skipped="0" tests="9" time="8.466" timestamp="2026-04-22T02:00:50.157339+00:00" hostname="agent-env-d2cb7db7-8674-4f3a-837d-948f4c313daa"><testcase classname="backend.tests.test_iteration28_refactor.TestBudgetCategories" name="test_returns_12_personal_categories_with_accents" time="3.988" /><testcase classname="backend.tests.test_iteration28_refactor.TestSRIDeductionLimits" name="test_endpoint_responds_with_categories" time="0.227" /><testcase classname="backend.tests.test_iteration28_refactor.TestTransactionsAutoCategorize" name="test_auto_categorize_outputs_only_personal_categories" time="3.521" /><testcase classname="backend.tests.test_iteration28_refactor.TestExistingEndpoints" name="test_endpoint_returns_2xx[/api/travel-goals]" time="0.106" /><testcase classname="backend.tests.test_iteration28_refactor.TestExistingEndpoints" name="test_endpoint_returns_2xx[/api/credit-cards]" time="0.109" /><testcase classname="backend.tests.test_iteration28_refactor.TestExistingEndpoints" name="test_endpoint_returns_2xx[/api/accounts-receivable]" time="0.108" /><testcase classname="backend.tests.test_iteration28_refactor.TestExistingEndpoints" name="test_endpoint_returns_2xx[/api/expected-income]" time="0.106" /><testcase classname="backend.tests.test_iteration28_refactor.TestExistingEndpoints" name="test_endpoint_returns_2xx[/api/scheduled-payments]" time="0.106" /><testcase classname="backend.tests.test_iteration28_refactor.TestExistingEndpoints" name="test_gmail_status_endpoint" time="0.136" /></testsuite></testsuites>