<?xml version="1.0" encoding="utf-8"?><testsuites name="pytest tests"><testsuite name="pytest" errors="0" failures="0" skipped="0" tests="10" time="9.976" timestamp="2026-04-21T22:52:16.269387+00:00" hostname="agent-env-d2cb7db7-8674-4f3a-837d-948f4c313daa"><testcase classname="backend.tests.test_iteration23_batch.TestNormalizeSources" name="test_normalize_idempotent" time="4.407" /><testcase classname="backend.tests.test_iteration23_batch.TestFixNullTypes" name="test_fix_null_types_idempotent" time="0.234" /><testcase classname="backend.tests.test_iteration23_batch.TestProcessFacturaPdfs" name="test_process_factura_pdfs_response_shape" time="2.308" /><testcase classname="backend.tests.test_iteration23_batch.TestRegexFillCardInfo" name="test_regex_extracts_credit_limit_pago_saldo" time="2.049" /><testcase classname="backend.tests.test_iteration23_batch.TestRegexFillCardInfo" name="test_regex_does_not_override_existing" time="0.001" /><testcase classname="backend.tests.test_iteration23_batch.TestRegression" name="test_credit_cards_200" time="0.115" /><testcase classname="backend.tests.test_iteration23_batch.TestRegression" name="test_budget_categories_200" time="0.085" /><testcase classname="backend.tests.test_iteration23_batch.TestRegression" name="test_transactions_200" time="0.248" /><testcase classname="backend.tests.test_iteration23_batch.TestRegression" name="test_gmail_documents_200" time="0.127" /><testcase classname="backend.tests.test_iteration23_batch.TestBulkCategorize" name="test_bulk_categorize_single_id" time="0.333" /></testsuite></testsuites>