<?xml version="1.0" encoding="utf-8"?><testsuites name="pytest tests"><testsuite name="pytest" errors="0" failures="0" skipped="0" tests="7" time="4.609" timestamp="2026-04-22T00:45:48.826668+00:00" hostname="agent-env-d2cb7db7-8674-4f3a-837d-948f4c313daa"><testcase classname="tests.test_iteration25_gmail_dedup.TestDedupCleanupIdempotent" name="test_dedup_cleanup_idempotent" time="1.015" /><testcase classname="tests.test_iteration25_gmail_dedup.TestCommerceCounts" name="test_casadeli_one_record" time="0.381" /><testcase classname="tests.test_iteration25_gmail_dedup.TestCommerceCounts" name="test_amor_animal_one_record" time="0.000" /><testcase classname="tests.test_iteration25_gmail_dedup.TestCommerceCounts" name="test_avianca_one_record" time="0.000" /><testcase classname="tests.test_iteration25_gmail_dedup.TestCommerceCounts" name="test_el_doblez_two_legit_records" time="0.000" /><testcase classname="tests.test_iteration25_gmail_dedup.TestGmailSyncShape" name="test_sync_returns_duplicados_omitidos" time="0.497" /><testcase classname="tests.test_iteration25_gmail_dedup.TestHelperExists" name="test_content_duplicate_exists_helper_present" time="2.664" /></testsuite></testsuites>