<?xml version="1.0" encoding="utf-8"?><testsuites name="pytest tests"><testsuite name="pytest" errors="0" failures="0" skipped="0" tests="17" time="1.483" timestamp="2026-01-26T21:50:12.651645+00:00" hostname="agent-env-5c6c7e8c-704b-4199-9a73-dae0562df63b"><testcase classname="backend.tests.test_deudas_flujo.TestAuthentication" name="test_login_success" time="0.280" /><testcase classname="backend.tests.test_deudas_flujo.TestCreditCards" name="test_get_credit_cards" time="0.306" /><testcase classname="backend.tests.test_deudas_flujo.TestCreditCards" name="test_create_credit_card" time="0.042" /><testcase classname="backend.tests.test_deudas_flujo.TestCreditCards" name="test_update_credit_card" time="0.079" /><testcase classname="backend.tests.test_deudas_flujo.TestCreditCards" name="test_delete_credit_card" time="0.076" /><testcase classname="backend.tests.test_deudas_flujo.TestDebtSummary" name="test_get_debt_summary" time="0.039" /><testcase classname="backend.tests.test_deudas_flujo.TestSnowballPlan" name="test_calculate_avalanche_plan" time="0.043" /><testcase classname="backend.tests.test_deudas_flujo.TestSnowballPlan" name="test_calculate_snowball_plan" time="0.041" /><testcase classname="backend.tests.test_deudas_flujo.TestScheduledPayments" name="test_get_scheduled_payments" time="0.035" /><testcase classname="backend.tests.test_deudas_flujo.TestScheduledPayments" name="test_create_scheduled_payment" time="0.041" /><testcase classname="backend.tests.test_deudas_flujo.TestScheduledPayments" name="test_update_scheduled_payment" time="0.125" /><testcase classname="backend.tests.test_deudas_flujo.TestScheduledPayments" name="test_mark_payment_as_paid" time="0.080" /><testcase classname="backend.tests.test_deudas_flujo.TestScheduledPayments" name="test_delete_scheduled_payment" time="0.077" /><testcase classname="backend.tests.test_deudas_flujo.TestReminders" name="test_get_reminders" time="0.040" /><testcase classname="backend.tests.test_deudas_flujo.TestExistingCreditCards" name="test_verify_existing_cards" time="0.038" /><testcase classname="backend.tests.test_deudas_flujo.TestExistingScheduledPayments" name="test_verify_existing_payments" time="0.040" /><testcase classname="backend.tests.test_deudas_flujo.TestDashboardReminders" name="test_reminders_include_payment_due" time="0.042" /></testsuite></testsuites>