<?xml version="1.0" encoding="utf-8"?><testsuites name="pytest tests"><testsuite name="pytest" errors="1" failures="1" skipped="0" tests="14" time="4.376" timestamp="2026-01-29T21:30:46.608071+00:00" hostname="agent-env-c6e41141-4279-4673-9a7e-e2d7ca74b761"><testcase classname="backend.tests.test_travel_fund.TestAuthentication" name="test_login_admin_success" time="0.334" /><testcase classname="backend.tests.test_travel_fund.TestAuthentication" name="test_login_demo_success" time="0.348"><failure message="assert 401 == 200&#10; +  where 401 = &lt;Response [401]&gt;.status_code">backend/tests/test_travel_fund.py:42: in test_login_demo_success
    assert response.status_code == 200
E   assert 401 == 200
E    +  where 401 = &lt;Response [401]&gt;.status_code</failure></testcase><testcase classname="backend.tests.test_travel_fund.TestAuthentication" name="test_invalid_token_returns_401" time="0.043" /><testcase classname="backend.tests.test_travel_fund.TestAuthentication" name="test_expired_token_returns_401" time="0.039" /><testcase classname="backend.tests.test_travel_fund.TestTravelFundEndpoints" name="test_get_travel_fund_status" time="0.447" /><testcase classname="backend.tests.test_travel_fund.TestTravelFundEndpoints" name="test_get_travel_fund_with_year_param" time="0.435" /><testcase classname="backend.tests.test_travel_fund.TestTravelFundEndpoints" name="test_deposit_to_travel_fund" time="0.741" /><testcase classname="backend.tests.test_travel_fund.TestTravelFundEndpoints" name="test_deposit_invalid_amount" time="0.353" /><testcase classname="backend.tests.test_travel_fund.TestTravelFundEndpoints" name="test_deposit_negative_amount" time="0.366" /><testcase classname="backend.tests.test_travel_fund.TestTravelFundEndpoints" name="test_update_travel_fund_settings" time="0.779" /><testcase classname="backend.tests.test_travel_fund.TestTravelFundDemoUser" name="test_demo_user_travel_fund" time="0.282"><error message="failed on setup with &quot;assert 401 == 200&#10; +  where 401 = &lt;Response [401]&gt;.status_code&quot;">backend/tests/test_travel_fund.py:236: in setup
    assert response.status_code == 200
E   assert 401 == 200
E    +  where 401 = &lt;Response [401]&gt;.status_code</error></testcase><testcase classname="backend.tests.test_travel_fund.TestTravelFundUnauthorized" name="test_get_fund_unauthorized" time="0.037" /><testcase classname="backend.tests.test_travel_fund.TestTravelFundUnauthorized" name="test_deposit_unauthorized" time="0.050" /><testcase classname="backend.tests.test_travel_fund.TestTravelFundUnauthorized" name="test_settings_unauthorized" time="0.032" /></testsuite></testsuites>