<?xml version="1.0" encoding="utf-8"?><testsuites name="pytest tests"><testsuite name="pytest" errors="0" failures="0" skipped="0" tests="13" time="13.585" timestamp="2026-04-20T16:47:47.322829+00:00" hostname="agent-env-d2cb7db7-8674-4f3a-837d-948f4c313daa"><testcase classname="backend.tests.test_sri_session8" name="test_get_sri_categorias_returns_six_rules" time="3.130" /><testcase classname="backend.tests.test_sri_session8" name="test_deduction_limits_demo_user_42k" time="0.331" /><testcase classname="backend.tests.test_sri_session8" name="test_deduction_limits_admin_user_150k" time="0.629" /><testcase classname="backend.tests.test_sri_session8" name="test_category_progress_excludes_alimentacion_and_includes_sin_tope" time="0.242" /><testcase classname="backend.tests.test_sri_session8" name="test_post_tx_aplica_iva_false_uses_subtotal" time="1.882" /><testcase classname="backend.tests.test_sri_session8" name="test_post_tx_aplica_iva_true_uses_full_amount" time="1.506" /><testcase classname="backend.tests.test_sri_session8" name="test_post_tx_beneficiario_persists[yo]" time="0.774" /><testcase classname="backend.tests.test_sri_session8" name="test_post_tx_beneficiario_persists[conyuge]" time="0.777" /><testcase classname="backend.tests.test_sri_session8" name="test_post_tx_beneficiario_persists[hijo]" time="0.739" /><testcase classname="backend.tests.test_sri_session8" name="test_post_tx_beneficiario_persists[padre_madre]" time="0.782" /><testcase classname="backend.tests.test_sri_session8" name="test_put_tx_updates_session8_fields" time="1.062" /><testcase classname="backend.tests.test_sri_session8" name="test_uso_empresarial_excluded_from_sri" time="1.395" /><testcase classname="backend.tests.test_sri_session8" name="test_sri_counters_regression" time="0.254" /></testsuite></testsuites>