<?xml version="1.0" encoding="utf-8"?><testsuites name="pytest tests"><testsuite name="pytest" errors="0" failures="0" skipped="0" tests="12" time="11.710" timestamp="2026-04-20T16:32:34.833206+00:00" hostname="agent-env-d2cb7db7-8674-4f3a-837d-948f4c313daa"><testcase classname="backend.tests.test_sri_match_session7" name="test_counters_endpoint" time="2.423" /><testcase classname="backend.tests.test_sri_match_session7" name="test_create_consumo_sets_pendiente_match" time="0.584" /><testcase classname="backend.tests.test_sri_match_session7" name="test_exact_match_con_respaldo" time="1.009" /><testcase classname="backend.tests.test_sri_match_session7" name="test_approx_match" time="1.535" /><testcase classname="backend.tests.test_sri_match_session7" name="test_reject_match" time="1.303" /><testcase classname="backend.tests.test_sri_match_session7" name="test_mark_cash_on_factura_creates_consumo" time="0.867" /><testcase classname="backend.tests.test_sri_match_session7" name="test_mark_cash_on_consumo" time="0.683" /><testcase classname="backend.tests.test_sri_match_session7" name="test_link_manual_and_discard" time="1.628" /><testcase classname="backend.tests.test_sri_match_session7" name="test_corporate_toggle_excludes_from_counters" time="1.230" /><testcase classname="backend.tests.test_sri_match_session7" name="test_scan_endpoint" time="0.108" /><testcase classname="backend.tests.test_sri_match_session7" name="test_pending_endpoint_shape" time="0.128" /><testcase classname="backend.tests.test_sri_match_session7" name="test_deduction_limits_excludes_corporate" time="0.118" /></testsuite></testsuites>