<?xml version="1.0" encoding="utf-8"?><testsuites name="pytest tests"><testsuite name="pytest" errors="0" failures="0" skipped="2" tests="14" time="4.203" timestamp="2026-01-29T21:31:20.225749+00:00" hostname="agent-env-c6e41141-4279-4673-9a7e-e2d7ca74b761"><testcase classname="backend.tests.test_travel_fund.TestAuthentication" name="test_login_admin_success" time="0.666" /><testcase classname="backend.tests.test_travel_fund.TestAuthentication" name="test_login_demo_success" time="0.000"><skipped type="pytest.skip" message="Demo user may not exist in database">/app/backend/tests/test_travel_fund.py:36: Demo user may not exist in database</skipped></testcase><testcase classname="backend.tests.test_travel_fund.TestAuthentication" name="test_invalid_token_returns_401" time="0.042" /><testcase classname="backend.tests.test_travel_fund.TestAuthentication" name="test_expired_token_returns_401" time="0.035" /><testcase classname="backend.tests.test_travel_fund.TestTravelFundEndpoints" name="test_get_travel_fund_status" time="0.447" /><testcase classname="backend.tests.test_travel_fund.TestTravelFundEndpoints" name="test_get_travel_fund_with_year_param" time="0.439" /><testcase classname="backend.tests.test_travel_fund.TestTravelFundEndpoints" name="test_deposit_to_travel_fund" time="0.788" /><testcase classname="backend.tests.test_travel_fund.TestTravelFundEndpoints" name="test_deposit_invalid_amount" time="0.396" /><testcase classname="backend.tests.test_travel_fund.TestTravelFundEndpoints" name="test_deposit_negative_amount" time="0.398" /><testcase classname="backend.tests.test_travel_fund.TestTravelFundEndpoints" name="test_update_travel_fund_settings" time="0.803" /><testcase classname="backend.tests.test_travel_fund.TestTravelFundDemoUser" name="test_demo_user_travel_fund" time="0.000"><skipped type="pytest.skip" message="Demo user may not exist in database">/app/backend/tests/test_travel_fund.py:245: Demo user may not exist in database</skipped></testcase><testcase classname="backend.tests.test_travel_fund.TestTravelFundUnauthorized" name="test_get_fund_unauthorized" time="0.035" /><testcase classname="backend.tests.test_travel_fund.TestTravelFundUnauthorized" name="test_deposit_unauthorized" time="0.033" /><testcase classname="backend.tests.test_travel_fund.TestTravelFundUnauthorized" name="test_settings_unauthorized" time="0.053" /></testsuite></testsuites>