<?xml version="1.0" encoding="utf-8"?><testsuites name="pytest tests"><testsuite name="pytest" errors="0" failures="0" skipped="1" tests="17" time="7.016" timestamp="2026-04-20T17:04:55.869295+00:00" hostname="agent-env-d2cb7db7-8674-4f3a-837d-948f4c313daa"><testcase classname="backend.tests.test_session10_notificaciones.TestNotificaciones" name="test_endpoint_returns_200_demo" time="2.176" /><testcase classname="backend.tests.test_session10_notificaciones.TestNotificaciones" name="test_endpoint_returns_200_admin" time="0.620" /><testcase classname="backend.tests.test_session10_notificaciones.TestNotificaciones" name="test_item_structure_required_fields" time="0.490" /><testcase classname="backend.tests.test_session10_notificaciones.TestNotificaciones" name="test_demo_has_otros_gastos_limite_categoria" time="0.257" /><testcase classname="backend.tests.test_session10_notificaciones.TestNotificaciones" name="test_admin_has_apple_card_pago_proximo" time="0.296" /><testcase classname="backend.tests.test_session10_notificaciones.TestNotificaciones" name="test_priority_ordering" time="0.265"><skipped type="pytest.skip" message="not enough items to test ordering">/app/backend/tests/test_session10_notificaciones.py:101: not enough items to test ordering</skipped></testcase><testcase classname="backend.tests.test_session10_notificaciones.TestNotificaciones" name="test_secondary_ordering_days_until_within_priority" time="0.269" /><testcase classname="backend.tests.test_session10_notificaciones.TestEstaSemana" name="test_endpoint_returns_200_demo" time="0.261" /><testcase classname="backend.tests.test_session10_notificaciones.TestEstaSemana" name="test_endpoint_returns_200_admin" time="0.230" /><testcase classname="backend.tests.test_session10_notificaciones.TestEstaSemana" name="test_item_structure" time="0.472" /><testcase classname="backend.tests.test_session10_notificaciones.TestEstaSemana" name="test_admin_total_at_least_some_items" time="0.277" /><testcase classname="backend.tests.test_session10_notificaciones.TestEstaSemana" name="test_admin_apple_card_yellow_badge" time="0.249" /><testcase classname="backend.tests.test_session10_notificaciones.TestEstaSemana" name="test_badge_red_when_days_le_2_yellow_otherwise" time="0.241" /><testcase classname="backend.tests.test_session10_notificaciones.TestEstaSemana" name="test_ordering_red_before_yellow" time="0.247" /><testcase classname="backend.tests.test_session10_notificaciones.TestRegression" name="test_sri_deduction_limits_still_works" time="0.257" /><testcase classname="backend.tests.test_session10_notificaciones.TestRegression" name="test_subscription_renewals_still_works" time="0.161" /><testcase classname="backend.tests.test_session10_notificaciones.TestRegression" name="test_dashboard_stats_still_works" time="0.157" /></testsuite></testsuites>