<?xml version="1.0" encoding="utf-8"?><testsuites name="pytest tests"><testsuite name="pytest" errors="0" failures="0" skipped="0" tests="19" time="11.413" timestamp="2026-04-16T16:21:44.038611+00:00" hostname="agent-env-5063dbec-d440-47e0-aa2c-09a97e53acf8"><testcase classname="backend.tests.test_iteration16_refactoring.TestHealthAndAuth" name="test_health_endpoint" time="0.664" /><testcase classname="backend.tests.test_iteration16_refactoring.TestHealthAndAuth" name="test_admin_login" time="0.702" /><testcase classname="backend.tests.test_iteration16_refactoring.TestHealthAndAuth" name="test_demo_login" time="0.438" /><testcase classname="backend.tests.test_iteration16_refactoring.TestHealthAndAuth" name="test_auth_me" time="0.585" /><testcase classname="backend.tests.test_iteration16_refactoring.TestDashboardEndpoints" name="test_dashboard_stats" time="0.670" /><testcase classname="backend.tests.test_iteration16_refactoring.TestDashboardEndpoints" name="test_subscription_renewals" time="0.638" /><testcase classname="backend.tests.test_iteration16_refactoring.TestTransactionsAndCategories" name="test_list_transactions" time="0.603" /><testcase classname="backend.tests.test_iteration16_refactoring.TestTransactionsAndCategories" name="test_get_categories" time="0.494" /><testcase classname="backend.tests.test_iteration16_refactoring.TestCreditCardsAndPayments" name="test_credit_cards" time="0.674" /><testcase classname="backend.tests.test_iteration16_refactoring.TestCreditCardsAndPayments" name="test_deferred_payments" time="0.548" /><testcase classname="backend.tests.test_iteration16_refactoring.TestCreditCardsAndPayments" name="test_scheduled_payments" time="0.512" /><testcase classname="backend.tests.test_iteration16_refactoring.TestVendorsAndReconciliation" name="test_known_vendors" time="0.522" /><testcase classname="backend.tests.test_iteration16_refactoring.TestVendorsAndReconciliation" name="test_reconciliation_history" time="0.689" /><testcase classname="backend.tests.test_iteration16_refactoring.TestVendorsAndReconciliation" name="test_reconciliation_upload_endpoint_exists" time="0.531" /><testcase classname="backend.tests.test_iteration16_refactoring.TestGmailAndReminders" name="test_gmail_status" time="0.534" /><testcase classname="backend.tests.test_iteration16_refactoring.TestGmailAndReminders" name="test_gmail_transactions" time="0.672" /><testcase classname="backend.tests.test_iteration16_refactoring.TestGmailAndReminders" name="test_reminders" time="0.646" /><testcase classname="backend.tests.test_iteration16_refactoring.TestCashflowAndBudget" name="test_cashflow_projection" time="0.702" /><testcase classname="backend.tests.test_iteration16_refactoring.TestCashflowAndBudget" name="test_budget_categories" time="0.496" /></testsuite></testsuites>