<?xml version="1.0" encoding="utf-8"?><testsuites name="pytest tests"><testsuite name="pytest" errors="0" failures="0" skipped="0" tests="9" time="4.768" timestamp="2026-04-15T20:29:41.594895+00:00" hostname="agent-env-5063dbec-d440-47e0-aa2c-09a97e53acf8"><testcase classname="backend.tests.test_gmail_integration.TestGmailStatus" name="test_gmail_status_returns_connected_field" time="2.534" /><testcase classname="backend.tests.test_gmail_integration.TestGmailAuthUrl" name="test_auth_url_returns_google_url" time="0.209" /><testcase classname="backend.tests.test_gmail_integration.TestGmailTransactions" name="test_transactions_returns_correct_structure" time="0.338" /><testcase classname="backend.tests.test_gmail_integration.TestGmailSync" name="test_sync_returns_error_when_not_connected" time="0.420" /><testcase classname="backend.tests.test_gmail_integration.TestBulkApproveReconciliation" name="test_bulk_approve_with_valid_ids" time="0.425" /><testcase classname="backend.tests.test_gmail_integration.TestBulkApproveReconciliation" name="test_bulk_approve_with_invalid_ids" time="0.204" /><testcase classname="backend.tests.test_gmail_integration.TestBulkApproveReconciliation" name="test_bulk_approve_empty_array_returns_400" time="0.135" /><testcase classname="backend.tests.test_gmail_integration.TestGmailApproveDiscard" name="test_approve_nonexistent_gmail_transaction" time="0.175" /><testcase classname="backend.tests.test_gmail_integration.TestGmailApproveDiscard" name="test_discard_nonexistent_gmail_transaction" time="0.265" /></testsuite></testsuites>