<?xml version="1.0" encoding="utf-8"?><testsuites name="pytest tests"><testsuite name="pytest" errors="0" failures="0" skipped="0" tests="21" time="24.455" timestamp="2026-01-26T00:16:19.207611+00:00" hostname="agent-env-5c6c7e8c-704b-4199-9a73-dae0562df63b"><testcase classname="backend.tests.test_finwise_features.TestAuthenticationJWT" name="test_login_success" time="0.389" /><testcase classname="backend.tests.test_finwise_features.TestAuthenticationJWT" name="test_login_invalid_credentials" time="0.039" /><testcase classname="backend.tests.test_finwise_features.TestAuthenticationJWT" name="test_protected_endpoint_without_token" time="0.034" /><testcase classname="backend.tests.test_finwise_features.TestTransactionsCRUD" name="test_create_expense_transaction" time="0.302" /><testcase classname="backend.tests.test_finwise_features.TestTransactionsCRUD" name="test_create_income_transaction" time="0.295" /><testcase classname="backend.tests.test_finwise_features.TestTransactionsCRUD" name="test_get_transactions" time="0.297" /><testcase classname="backend.tests.test_finwise_features.TestTransactionsCRUD" name="test_delete_test_transactions" time="0.365" /><testcase classname="backend.tests.test_finwise_features.TestSplitTransactions" name="test_split_transaction" time="0.330" /><testcase classname="backend.tests.test_finwise_features.TestSplitTransactions" name="test_split_unbalanced_fails" time="0.327" /><testcase classname="backend.tests.test_finwise_features.TestAttachments" name="test_upload_attachment" time="0.333" /><testcase classname="backend.tests.test_finwise_features.TestCategorizationRules" name="test_get_categorization_rules" time="0.284" /><testcase classname="backend.tests.test_finwise_features.TestCategorizationRules" name="test_create_custom_rule" time="0.297" /><testcase classname="backend.tests.test_finwise_features.TestCategorizationRules" name="test_auto_categorize_with_default_rule" time="0.296" /><testcase classname="backend.tests.test_finwise_features.TestCategorizationRules" name="test_auto_categorize_pharmacy" time="0.337" /><testcase classname="backend.tests.test_finwise_features.TestCategorizationRules" name="test_delete_custom_rule" time="0.325" /><testcase classname="backend.tests.test_finwise_features.TestExportFunctionality" name="test_export_excel" time="0.307" /><testcase classname="backend.tests.test_finwise_features.TestExportFunctionality" name="test_export_sri_pdf" time="0.297" /><testcase classname="backend.tests.test_finwise_features.TestAIPredictions" name="test_get_predictions" time="18.358" /><testcase classname="backend.tests.test_finwise_features.TestSRIDeductionLimits" name="test_get_sri_limits" time="0.325" /><testcase classname="backend.tests.test_finwise_features.TestSRIDeductionLimits" name="test_deductible_categories" time="0.286" /><testcase classname="backend.tests.test_finwise_features.TestCleanup" name="test_cleanup_test_data" time="0.505" /></testsuite></testsuites>