<?xml version="1.0" encoding="utf-8"?><testsuites name="pytest tests"><testsuite name="pytest" errors="0" failures="1" skipped="0" tests="19" time="4.866" timestamp="2026-01-27T01:47:08.931455+00:00" hostname="agent-env-56ae39d3-6f1c-4b20-a0de-f42e3ec254c9"><testcase classname="tests.test_iteration6.TestAuthentication" name="test_login_success" time="0.371" /><testcase classname="tests.test_iteration6.TestAuthentication" name="test_login_invalid_credentials" time="0.041" /><testcase classname="tests.test_iteration6.TestChatEndpoint" name="test_chat_endpoint_exists" time="3.508" /><testcase classname="tests.test_iteration6.TestChatEndpoint" name="test_chat_requires_auth" time="0.055" /><testcase classname="tests.test_iteration6.TestBudgetCategories" name="test_get_budget_categories" time="0.053" /><testcase classname="tests.test_iteration6.TestReconciliation" name="test_get_pending_transactions" time="0.041" /><testcase classname="tests.test_iteration6.TestReconciliation" name="test_get_reconciliation_stats" time="0.051" /><testcase classname="tests.test_iteration6.TestReconciliation" name="test_get_duplicates" time="0.037" /><testcase classname="tests.test_iteration6.TestCreditCards" name="test_get_credit_cards" time="0.041" /><testcase classname="tests.test_iteration6.TestCreditCards" name="test_get_debt_summary" time="0.040" /><testcase classname="tests.test_iteration6.TestCreditCards" name="test_avalanche_plan" time="0.047"><failure message="AssertionError: assert 'total_interest' in {'message': 'No hay deudas activas', 'months_to_payoff': 0, 'plan': []}">tests/test_iteration6.py:219: in test_avalanche_plan
    assert "total_interest" in data
E   AssertionError: assert 'total_interest' in {'message': 'No hay deudas activas', 'months_to_payoff': 0, 'plan': []}</failure></testcase><testcase classname="tests.test_iteration6.TestScheduledPayments" name="test_get_scheduled_payments" time="0.044" /><testcase classname="tests.test_iteration6.TestIncome" name="test_get_incomes" time="0.043" /><testcase classname="tests.test_iteration6.TestIncome" name="test_get_income_summary" time="0.035" /><testcase classname="tests.test_iteration6.TestIncome" name="test_create_income" time="0.073" /><testcase classname="tests.test_iteration6.TestDashboard" name="test_get_dashboard_stats" time="0.038" /><testcase classname="tests.test_iteration6.TestDashboard" name="test_get_chart_data" time="0.041" /><testcase classname="tests.test_iteration6.TestReminders" name="test_get_reminders" time="0.038" /><testcase classname="tests.test_iteration6.TestNavigation" name="test_cargar_validar_endpoints_exist" time="0.114" /></testsuite></testsuites>