<?xml version="1.0" encoding="utf-8"?><testsuites name="pytest tests"><testsuite name="pytest" errors="0" failures="0" skipped="0" tests="10" time="7.292" timestamp="2026-04-15T19:46:37.334769+00:00" hostname="agent-env-5063dbec-d440-47e0-aa2c-09a97e53acf8"><testcase classname="backend.tests.test_prompts_features.TestLearnVendors" name="test_learn_vendors_returns_correct_structure" time="1.786" /><testcase classname="backend.tests.test_prompts_features.TestLearnVendors" name="test_learn_vendors_idempotency" time="1.522" /><testcase classname="backend.tests.test_prompts_features.TestKnownVendors" name="test_known_vendors_have_required_fields" time="0.627" /><testcase classname="backend.tests.test_prompts_features.TestKnownVendors" name="test_vendor_lookup_by_alias" time="0.470" /><testcase classname="backend.tests.test_prompts_features.TestBulkApprove" name="test_bulk_approve_correct_format" time="0.888" /><testcase classname="backend.tests.test_prompts_features.TestBulkApprove" name="test_bulk_approve_invalid_ids" time="0.274" /><testcase classname="backend.tests.test_prompts_features.TestBulkApprove" name="test_bulk_approve_empty_array" time="0.176" /><testcase classname="backend.tests.test_prompts_features.TestDeferredPayments" name="test_deferred_payments_have_payment_history" time="0.629" /><testcase classname="backend.tests.test_prompts_features.TestDeferredPayments" name="test_deferred_payments_structure" time="0.196" /><testcase classname="backend.tests.test_prompts_features.TestReconciliationPending" name="test_get_pending_transactions" time="0.619" /></testsuite></testsuites>