<?xml version="1.0" encoding="utf-8"?><testsuites name="pytest tests"><testsuite name="pytest" errors="0" failures="0" skipped="0" tests="19" time="9.618" timestamp="2026-01-28T23:50:22.166131+00:00" hostname="agent-env-4c9d6962-b95e-4a31-bbc7-f0186b1b4703"><testcase classname="backend.tests.test_phases_1_3.TestAuthentication" name="test_login_admin_user" time="0.641" /><testcase classname="backend.tests.test_phases_1_3.TestTravelGoals" name="test_get_travel_goals" time="0.384" /><testcase classname="backend.tests.test_phases_1_3.TestTravelGoals" name="test_create_travel_goal" time="0.378" /><testcase classname="backend.tests.test_phases_1_3.TestTravelGoals" name="test_add_savings_to_goal" time="0.606" /><testcase classname="backend.tests.test_phases_1_3.TestTravelGoals" name="test_update_travel_goal" time="0.670" /><testcase classname="backend.tests.test_phases_1_3.TestTravelGoals" name="test_delete_travel_goal" time="0.566" /><testcase classname="backend.tests.test_phases_1_3.TestExpectedIncome" name="test_get_expected_income" time="0.374" /><testcase classname="backend.tests.test_phases_1_3.TestExpectedIncome" name="test_create_expected_income" time="0.478" /><testcase classname="backend.tests.test_phases_1_3.TestExpectedIncome" name="test_mark_income_received" time="0.535" /><testcase classname="backend.tests.test_phases_1_3.TestExpectedIncome" name="test_delete_expected_income" time="0.502" /><testcase classname="backend.tests.test_phases_1_3.TestAccountsReceivable" name="test_get_accounts_receivable" time="0.381" /><testcase classname="backend.tests.test_phases_1_3.TestAccountsReceivable" name="test_create_account_receivable" time="0.521" /><testcase classname="backend.tests.test_phases_1_3.TestAccountsReceivable" name="test_record_payment" time="0.717" /><testcase classname="backend.tests.test_phases_1_3.TestAccountsReceivable" name="test_delete_account_receivable" time="0.520" /><testcase classname="backend.tests.test_phases_1_3.TestCashflowProjection" name="test_get_cashflow_projection" time="0.494" /><testcase classname="backend.tests.test_phases_1_3.TestDashboardWidgets" name="test_dashboard_stats" time="0.375" /><testcase classname="backend.tests.test_phases_1_3.TestDashboardWidgets" name="test_travel_goals_for_dashboard" time="0.382" /><testcase classname="backend.tests.test_phases_1_3.TestTransactions" name="test_create_quick_expense" time="0.516" /><testcase classname="backend.tests.test_phases_1_3.TestCleanup" name="test_cleanup_test_travel_goals" time="0.479" /></testsuite></testsuites>