<?xml version="1.0" encoding="utf-8"?><testsuites name="pytest tests"><testsuite name="pytest" errors="0" failures="0" skipped="0" tests="20" time="7.561" timestamp="2026-04-15T22:24:19.600628+00:00" hostname="agent-env-5063dbec-d440-47e0-aa2c-09a97e53acf8"><testcase classname="backend.tests.test_iteration15_subscription_renewals.TestHealthAndAuth" name="test_health_endpoint" time="2.933" /><testcase classname="backend.tests.test_iteration15_subscription_renewals.TestHealthAndAuth" name="test_admin_login" time="0.666" /><testcase classname="backend.tests.test_iteration15_subscription_renewals.TestHealthAndAuth" name="test_auth_me_with_header" time="0.494" /><testcase classname="backend.tests.test_iteration15_subscription_renewals.TestNewSubscriptionRenewalsEndpoint" name="test_subscription_renewals_returns_correct_structure" time="0.174" /><testcase classname="backend.tests.test_iteration15_subscription_renewals.TestNewSubscriptionRenewalsEndpoint" name="test_subscription_renewals_requires_auth" time="0.102" /><testcase classname="backend.tests.test_iteration15_subscription_renewals.TestNewSubscriptionRenewalsEndpoint" name="test_subscription_renewals_demo_user" time="0.516" /><testcase classname="backend.tests.test_iteration15_subscription_renewals.TestDashboardEndpoints" name="test_dashboard_stats" time="0.169" /><testcase classname="backend.tests.test_iteration15_subscription_renewals.TestDashboardEndpoints" name="test_dashboard_chart_data" time="0.177" /><testcase classname="backend.tests.test_iteration15_subscription_renewals.TestGmailEndpoints" name="test_gmail_status" time="0.168" /><testcase classname="backend.tests.test_iteration15_subscription_renewals.TestGmailEndpoints" name="test_gmail_transactions" time="0.268" /><testcase classname="backend.tests.test_iteration15_subscription_renewals.TestTransactionsEndpoints" name="test_list_transactions" time="0.214" /><testcase classname="backend.tests.test_iteration15_subscription_renewals.TestCategoriesEndpoints" name="test_sri_categories" time="0.101" /><testcase classname="backend.tests.test_iteration15_subscription_renewals.TestCategoriesEndpoints" name="test_budget_categories" time="0.158" /><testcase classname="backend.tests.test_iteration15_subscription_renewals.TestFinancialEndpoints" name="test_credit_cards" time="0.159" /><testcase classname="backend.tests.test_iteration15_subscription_renewals.TestFinancialEndpoints" name="test_deferred_payments" time="0.160" /><testcase classname="backend.tests.test_iteration15_subscription_renewals.TestFinancialEndpoints" name="test_known_vendors" time="0.176" /><testcase classname="backend.tests.test_iteration15_subscription_renewals.TestFinancialEndpoints" name="test_scheduled_payments" time="0.170" /><testcase classname="backend.tests.test_iteration15_subscription_renewals.TestFinancialEndpoints" name="test_reminders" time="0.242" /><testcase classname="backend.tests.test_iteration15_subscription_renewals.TestFinancialEndpoints" name="test_cashflow_projection" time="0.279" /><testcase classname="backend.tests.test_iteration15_subscription_renewals.TestServiceDomainsConstant" name="test_gmail_sync_endpoint_exists" time="0.153" /></testsuite></testsuites>