<?xml version="1.0" encoding="utf-8"?><testsuites name="pytest tests"><testsuite name="pytest" errors="0" failures="3" skipped="0" tests="19" time="9.368" timestamp="2026-01-28T23:49:27.148430+00:00" hostname="agent-env-4c9d6962-b95e-4a31-bbc7-f0186b1b4703"><testcase classname="backend.tests.test_phases_1_3.TestAuthentication" name="test_login_admin_user" time="0.629" /><testcase classname="backend.tests.test_phases_1_3.TestTravelGoals" name="test_get_travel_goals" time="0.394" /><testcase classname="backend.tests.test_phases_1_3.TestTravelGoals" name="test_create_travel_goal" time="0.431" /><testcase classname="backend.tests.test_phases_1_3.TestTravelGoals" name="test_add_savings_to_goal" time="0.463"><failure message="AssertionError: Failed: {&quot;detail&quot;:[{&quot;type&quot;:&quot;missing&quot;,&quot;loc&quot;:[&quot;query&quot;,&quot;amount&quot;],&quot;msg&quot;:&quot;Field required&quot;,&quot;input&quot;:null,&quot;url&quot;:&quot;https://errors.pydantic.dev/2.12/v/missing&quot;}]}&#10;assert 422 == 200&#10; +  where 422 = &lt;Response [422]&gt;.status_code">backend/tests/test_phases_1_3.py:143: in test_add_savings_to_goal
    assert response.status_code == 200, f"Failed: {response.text}"
E   AssertionError: Failed: {"detail":[{"type":"missing","loc":["query","amount"],"msg":"Field required","input":null,"url":"https://errors.pydantic.dev/2.12/v/missing"}]}
E   assert 422 == 200
E    +  where 422 = &lt;Response [422]&gt;.status_code</failure></testcase><testcase classname="backend.tests.test_phases_1_3.TestTravelGoals" name="test_update_travel_goal" time="0.687" /><testcase classname="backend.tests.test_phases_1_3.TestTravelGoals" name="test_delete_travel_goal" time="0.565" /><testcase classname="backend.tests.test_phases_1_3.TestExpectedIncome" name="test_get_expected_income" time="0.385" /><testcase classname="backend.tests.test_phases_1_3.TestExpectedIncome" name="test_create_expected_income" time="0.482" /><testcase classname="backend.tests.test_phases_1_3.TestExpectedIncome" name="test_mark_income_received" time="0.553" /><testcase classname="backend.tests.test_phases_1_3.TestExpectedIncome" name="test_delete_expected_income" time="0.526" /><testcase classname="backend.tests.test_phases_1_3.TestAccountsReceivable" name="test_get_accounts_receivable" time="0.380" /><testcase classname="backend.tests.test_phases_1_3.TestAccountsReceivable" name="test_create_account_receivable" time="0.515" /><testcase classname="backend.tests.test_phases_1_3.TestAccountsReceivable" name="test_record_payment" time="0.451"><failure message="AssertionError: Failed: {&quot;detail&quot;:[{&quot;type&quot;:&quot;missing&quot;,&quot;loc&quot;:[&quot;query&quot;,&quot;amount&quot;],&quot;msg&quot;:&quot;Field required&quot;,&quot;input&quot;:null,&quot;url&quot;:&quot;https://errors.pydantic.dev/2.12/v/missing&quot;}]}&#10;assert 422 == 200&#10; +  where 422 = &lt;Response [422]&gt;.status_code">backend/tests/test_phases_1_3.py:395: in test_record_payment
    assert response.status_code == 200, f"Failed: {response.text}"
E   AssertionError: Failed: {"detail":[{"type":"missing","loc":["query","amount"],"msg":"Field required","input":null,"url":"https://errors.pydantic.dev/2.12/v/missing"}]}
E   assert 422 == 200
E    +  where 422 = &lt;Response [422]&gt;.status_code</failure></testcase><testcase classname="backend.tests.test_phases_1_3.TestAccountsReceivable" name="test_delete_account_receivable" time="0.487" /><testcase classname="backend.tests.test_phases_1_3.TestCashflowProjection" name="test_get_cashflow_projection" time="0.533" /><testcase classname="backend.tests.test_phases_1_3.TestDashboardWidgets" name="test_dashboard_stats" time="0.378" /><testcase classname="backend.tests.test_phases_1_3.TestDashboardWidgets" name="test_travel_goals_for_dashboard" time="0.418" /><testcase classname="backend.tests.test_phases_1_3.TestTransactions" name="test_create_quick_expense" time="0.347"><failure message="AssertionError: Failed: {&quot;detail&quot;:[{&quot;type&quot;:&quot;missing&quot;,&quot;loc&quot;:[&quot;body&quot;,&quot;subcategory&quot;],&quot;msg&quot;:&quot;Field required&quot;,&quot;input&quot;:{&quot;amount&quot;:25.5,&quot;category&quot;:&quot;comida&quot;,&quot;description&quot;:&quot;TEST_Quick expense from FAB&quot;,&quot;date&quot;:&quot;2026-01-28&quot;,&quot;transaction_type&quot;:&quot;expense&quot;,&quot;payment_method&quot;:&quot;efectivo&quot;,&quot;status&quot;:&quot;pending_review&quot;,&quot;source_type&quot;:&quot;manual_quick&quot;},&quot;url&quot;:&quot;https://errors.pydantic.dev/2.12/v/missing&quot;}]}&#10;assert 422 == 200&#10; +  where 422 = &lt;Response [422]&gt;.status_code">backend/tests/test_phases_1_3.py:518: in test_create_quick_expense
    assert response.status_code == 200, f"Failed: {response.text}"
E   AssertionError: Failed: {"detail":[{"type":"missing","loc":["body","subcategory"],"msg":"Field required","input":{"amount":25.5,"category":"comida","description":"TEST_Quick expense from FAB","date":"2026-01-28","transaction_type":"expense","payment_method":"efectivo","status":"pending_review","source_type":"manual_quick"},"url":"https://errors.pydantic.dev/2.12/v/missing"}]}
E   assert 422 == 200
E    +  where 422 = &lt;Response [422]&gt;.status_code</failure></testcase><testcase classname="backend.tests.test_phases_1_3.TestCleanup" name="test_cleanup_test_travel_goals" time="0.573" /></testsuite></testsuites>