<?xml version="1.0" encoding="utf-8"?><testsuites name="pytest tests"><testsuite name="pytest" errors="0" failures="0" skipped="0" tests="33" time="13.353" timestamp="2026-04-15T21:17:35.929981+00:00" hostname="agent-env-5063dbec-d440-47e0-aa2c-09a97e53acf8"><testcase classname="tests.test_modularization.TestHealthAndRoot" name="test_health_endpoint" time="2.557" /><testcase classname="tests.test_modularization.TestHealthAndRoot" name="test_root_endpoint" time="0.122" /><testcase classname="tests.test_modularization.TestAuthEndpoints" name="test_login_admin" time="0.671" /><testcase classname="tests.test_modularization.TestAuthEndpoints" name="test_login_demo" time="0.358" /><testcase classname="tests.test_modularization.TestAuthEndpoints" name="test_login_invalid_credentials" time="0.173" /><testcase classname="tests.test_modularization.TestAuthEndpoints" name="test_get_me" time="0.522" /><testcase classname="tests.test_modularization.TestTransactionsEndpoints" name="test_get_transactions" time="0.569" /><testcase classname="tests.test_modularization.TestTransactionsEndpoints" name="test_get_transactions_grouped" time="0.163" /><testcase classname="tests.test_modularization.TestDashboardEndpoints" name="test_dashboard_stats" time="0.573" /><testcase classname="tests.test_modularization.TestDashboardEndpoints" name="test_categories" time="0.122" /><testcase classname="tests.test_modularization.TestDashboardEndpoints" name="test_sri_deduction_limits" time="0.186" /><testcase classname="tests.test_modularization.TestCreditCardsEndpoints" name="test_get_credit_cards" time="0.531" /><testcase classname="tests.test_modularization.TestCreditCardsEndpoints" name="test_debt_summary" time="0.203" /><testcase classname="tests.test_modularization.TestDeferredPaymentsEndpoints" name="test_get_deferred_payments" time="0.550" /><testcase classname="tests.test_modularization.TestBudgetEndpoints" name="test_budget_categories" time="0.499" /><testcase classname="tests.test_modularization.TestBudgetEndpoints" name="test_budget_config" time="0.195" /><testcase classname="tests.test_modularization.TestBudgetEndpoints" name="test_income_list" time="0.175" /><testcase classname="tests.test_modularization.TestBudgetEndpoints" name="test_income_summary" time="0.186" /><testcase classname="tests.test_modularization.TestBudgetEndpoints" name="test_financial_goals" time="0.194" /><testcase classname="tests.test_modularization.TestVendorsEndpoints" name="test_known_vendors" time="0.582" /><testcase classname="tests.test_modularization.TestCashflowEndpoints" name="test_scheduled_payments" time="0.549" /><testcase classname="tests.test_modularization.TestCashflowEndpoints" name="test_expected_income" time="0.165" /><testcase classname="tests.test_modularization.TestCashflowEndpoints" name="test_accounts_receivable" time="0.215" /><testcase classname="tests.test_modularization.TestCashflowEndpoints" name="test_travel_goals" time="0.170" /><testcase classname="tests.test_modularization.TestCashflowEndpoints" name="test_travel_fund" time="0.232" /><testcase classname="tests.test_modularization.TestCashflowEndpoints" name="test_cashflow_projection" time="0.299" /><testcase classname="tests.test_modularization.TestCashflowEndpoints" name="test_reminders" time="0.254" /><testcase classname="tests.test_modularization.TestReconciliationEndpoints" name="test_reconciliation_history" time="0.661" /><testcase classname="tests.test_modularization.TestReconciliationEndpoints" name="test_bulk_approve_empty" time="0.143" /><testcase classname="tests.test_modularization.TestReconciliationEndpoints" name="test_bulk_approve_invalid_ids" time="0.198" /><testcase classname="tests.test_modularization.TestGmailEndpoints" name="test_gmail_status" time="0.525" /><testcase classname="tests.test_modularization.TestGmailEndpoints" name="test_gmail_documents" time="0.163" /><testcase classname="tests.test_modularization.TestChatEndpoints" name="test_chat_history" time="0.553" /></testsuite></testsuites>