<?xml version="1.0" encoding="utf-8"?><testsuites name="pytest tests"><testsuite name="pytest" errors="0" failures="0" skipped="0" tests="15" time="12.447" timestamp="2026-01-27T02:54:40.240690+00:00" hostname="agent-env-56ae39d3-6f1c-4b20-a0de-f42e3ec254c9"><testcase classname="backend.tests.test_iteration7.TestAuthentication" name="test_login_success" time="0.370" /><testcase classname="backend.tests.test_iteration7.TestAuthentication" name="test_login_invalid_credentials" time="0.042" /><testcase classname="backend.tests.test_iteration7.TestBudgetConfig" name="test_get_budget_config" time="0.311" /><testcase classname="backend.tests.test_iteration7.TestBudgetConfig" name="test_budget_config_has_income_projection" time="0.305" /><testcase classname="backend.tests.test_iteration7.TestBudgetConfig" name="test_budget_config_has_goals" time="0.304" /><testcase classname="backend.tests.test_iteration7.TestBudgetPersonal" name="test_save_budget_personal" time="0.318" /><testcase classname="backend.tests.test_iteration7.TestDeferredPayments" name="test_get_deferred_payments" time="0.300" /><testcase classname="backend.tests.test_iteration7.TestScheduledPayments" name="test_get_scheduled_payments" time="0.301" /><testcase classname="backend.tests.test_iteration7.TestCreditCards" name="test_get_credit_cards" time="0.297" /><testcase classname="backend.tests.test_iteration7.TestReconciliation" name="test_get_pending_transactions" time="0.300" /><testcase classname="backend.tests.test_iteration7.TestReconciliation" name="test_get_reconciliation_stats" time="0.300" /><testcase classname="backend.tests.test_iteration7.TestChatBot" name="test_chat_endpoint" time="8.463" /><testcase classname="backend.tests.test_iteration7.TestChatBot" name="test_chat_requires_auth" time="0.067" /><testcase classname="backend.tests.test_iteration7.TestDashboard" name="test_dashboard_stats" time="0.301" /><testcase classname="backend.tests.test_iteration7.TestDebtSummary" name="test_debt_summary" time="0.336" /></testsuite></testsuites>