<?xml version="1.0" encoding="utf-8"?><testsuites name="pytest tests"><testsuite name="pytest" errors="0" failures="0" skipped="0" tests="17" time="5.002" timestamp="2026-01-26T21:23:20.947327+00:00" hostname="agent-env-5c6c7e8c-704b-4199-9a73-dae0562df63b"><testcase classname="backend.tests.test_new_features.TestAuthentication" name="test_login_success" time="0.298" /><testcase classname="backend.tests.test_new_features.TestAuthentication" name="test_login_invalid_credentials" time="0.051" /><testcase classname="backend.tests.test_new_features.TestIncomeEndpoints" name="test_get_incomes" time="0.338" /><testcase classname="backend.tests.test_new_features.TestIncomeEndpoints" name="test_create_income" time="0.372" /><testcase classname="backend.tests.test_new_features.TestIncomeEndpoints" name="test_create_income_usa_distribution" time="0.356" /><testcase classname="backend.tests.test_new_features.TestIncomeEndpoints" name="test_get_income_summary" time="0.315" /><testcase classname="backend.tests.test_new_features.TestBudgetCategoriesEndpoints" name="test_get_budget_categories" time="0.311" /><testcase classname="backend.tests.test_new_features.TestBudgetCategoriesEndpoints" name="test_get_personal_budget" time="0.307" /><testcase classname="backend.tests.test_new_features.TestReconciliationEndpoints" name="test_get_pending_reconciliation" time="0.317" /><testcase classname="backend.tests.test_new_features.TestReconciliationEndpoints" name="test_get_reconciliation_stats" time="0.312" /><testcase classname="backend.tests.test_new_features.TestReconciliationEndpoints" name="test_get_duplicates" time="0.311" /><testcase classname="backend.tests.test_new_features.TestSRICategoriesEndpoints" name="test_get_categories" time="0.036" /><testcase classname="backend.tests.test_new_features.TestSRICategoriesEndpoints" name="test_get_sri_deduction_limits" time="0.317" /><testcase classname="backend.tests.test_new_features.TestTransactionEndpoints" name="test_get_transactions" time="0.302" /><testcase classname="backend.tests.test_new_features.TestTransactionEndpoints" name="test_create_transaction_with_establishment" time="0.342" /><testcase classname="backend.tests.test_new_features.TestDashboardEndpoints" name="test_get_dashboard_stats" time="0.309" /><testcase classname="backend.tests.test_new_features.TestDashboardEndpoints" name="test_get_chart_data" time="0.340" /></testsuite></testsuites>