<?xml version="1.0" encoding="utf-8"?><testsuites name="pytest tests"><testsuite name="pytest" errors="0" failures="0" skipped="0" tests="29" time="16.741" timestamp="2026-04-15T21:55:14.755097+00:00" hostname="agent-env-5063dbec-d440-47e0-aa2c-09a97e53acf8"><testcase classname="backend.tests.test_httponly_cookie_auth.TestHealthCheck" name="test_health_endpoint" time="1.496" /><testcase classname="backend.tests.test_httponly_cookie_auth.TestLoginCookieAuth" name="test_login_returns_token_and_sets_cookie" time="0.797" /><testcase classname="backend.tests.test_httponly_cookie_auth.TestLoginCookieAuth" name="test_login_invalid_credentials" time="0.275" /><testcase classname="backend.tests.test_httponly_cookie_auth.TestAuthMeEndpoint" name="test_auth_me_with_authorization_header" time="0.651" /><testcase classname="backend.tests.test_httponly_cookie_auth.TestAuthMeEndpoint" name="test_auth_me_with_cookie" time="0.503" /><testcase classname="backend.tests.test_httponly_cookie_auth.TestAuthMeEndpoint" name="test_auth_me_no_auth_returns_401" time="0.150" /><testcase classname="backend.tests.test_httponly_cookie_auth.TestLogoutEndpoint" name="test_logout_clears_cookie" time="0.524" /><testcase classname="backend.tests.test_httponly_cookie_auth.TestRegisterEndpoint" name="test_register_returns_token_and_sets_cookie" time="0.435" /><testcase classname="backend.tests.test_httponly_cookie_auth.TestProtectedEndpointsWithAuth" name="test_transactions_with_auth" time="0.575" /><testcase classname="backend.tests.test_httponly_cookie_auth.TestProtectedEndpointsWithAuth" name="test_dashboard_stats_with_auth" time="0.600" /><testcase classname="backend.tests.test_httponly_cookie_auth.TestProtectedEndpointsWithAuth" name="test_categories" time="0.471" /><testcase classname="backend.tests.test_httponly_cookie_auth.TestProtectedEndpointsWithAuth" name="test_sri_deduction_limits" time="0.512" /><testcase classname="backend.tests.test_httponly_cookie_auth.TestProtectedEndpointsWithAuth" name="test_credit_cards" time="0.529" /><testcase classname="backend.tests.test_httponly_cookie_auth.TestProtectedEndpointsWithAuth" name="test_deferred_payments" time="0.541" /><testcase classname="backend.tests.test_httponly_cookie_auth.TestProtectedEndpointsWithAuth" name="test_budget_categories" time="0.504" /><testcase classname="backend.tests.test_httponly_cookie_auth.TestProtectedEndpointsWithAuth" name="test_income" time="0.621" /><testcase classname="backend.tests.test_httponly_cookie_auth.TestProtectedEndpointsWithAuth" name="test_known_vendors" time="0.550" /><testcase classname="backend.tests.test_httponly_cookie_auth.TestProtectedEndpointsWithAuth" name="test_scheduled_payments" time="0.539" /><testcase classname="backend.tests.test_httponly_cookie_auth.TestProtectedEndpointsWithAuth" name="test_expected_income" time="0.561" /><testcase classname="backend.tests.test_httponly_cookie_auth.TestProtectedEndpointsWithAuth" name="test_travel_fund" time="0.602" /><testcase classname="backend.tests.test_httponly_cookie_auth.TestProtectedEndpointsWithAuth" name="test_cashflow_projection" time="0.652" /><testcase classname="backend.tests.test_httponly_cookie_auth.TestProtectedEndpointsWithAuth" name="test_reminders" time="0.605" /><testcase classname="backend.tests.test_httponly_cookie_auth.TestProtectedEndpointsWithAuth" name="test_debt_summary" time="0.521" /><testcase classname="backend.tests.test_httponly_cookie_auth.TestProtectedEndpointsWithAuth" name="test_reconciliation_history" time="0.658" /><testcase classname="backend.tests.test_httponly_cookie_auth.TestProtectedEndpointsWithAuth" name="test_gmail_status" time="0.539" /><testcase classname="backend.tests.test_httponly_cookie_auth.TestProtectedEndpointsWithAuth" name="test_chat_history" time="0.545" /><testcase classname="backend.tests.test_httponly_cookie_auth.TestProtectedEndpointsWithAuth" name="test_transactions_grouped" time="0.585" /><testcase classname="backend.tests.test_httponly_cookie_auth.TestProtectedEndpointsWithAuth" name="test_budget_financial_goals" time="0.551" /><testcase classname="backend.tests.test_httponly_cookie_auth.TestProtectedEndpointsWithAuth" name="test_reconciliation_bulk_approve" time="0.514" /></testsuite></testsuites>