<?xml version="1.0" encoding="utf-8"?><testsuites name="pytest tests"><testsuite name="pytest" errors="0" failures="0" skipped="0" tests="10" time="8.415" timestamp="2026-04-22T01:22:13.933329+00:00" hostname="agent-env-d2cb7db7-8674-4f3a-837d-948f4c313daa"><testcase classname="backend.tests.test_session6_travel_goals" name="test_create_goal_persists_tipo" time="4.937" /><testcase classname="backend.tests.test_session6_travel_goals" name="test_list_goals_includes_calculated_fields" time="0.210" /><testcase classname="backend.tests.test_session6_travel_goals" name="test_update_goal" time="0.365" /><testcase classname="backend.tests.test_session6_travel_goals" name="test_add_savings" time="0.399" /><testcase classname="backend.tests.test_session6_travel_goals" name="test_add_savings_invalid_amount" time="0.181" /><testcase classname="backend.tests.test_session6_travel_goals" name="test_link_transaction_and_get_linked" time="1.041" /><testcase classname="backend.tests.test_session6_travel_goals" name="test_link_transaction_missing_id" time="0.147" /><testcase classname="backend.tests.test_session6_travel_goals" name="test_link_transaction_not_found" time="0.204" /><testcase classname="backend.tests.test_session6_travel_goals" name="test_delete_goal" time="0.525" /><testcase classname="backend.tests.test_session6_travel_goals" name="test_delete_nonexistent_returns_404" time="0.341" /></testsuite></testsuites>